This is pdfTeX, Version 3.14159265-2.6-1.40.15 (TeX Live 2014) (preloaded format=pdflatex 2015.6.10)  28 SEP 2016 14:08
entering extended mode
 restricted \write18 enabled.
 %&-line parsing enabled.
**main.tex
(./main.tex
LaTeX2e <2014/05/01>
Babel <3.9k> and hyphenation patterns for 78 languages loaded.
(./DISCSthesis.cls
Document Class: DISCSthesis 2005/05/11 v3.0 Ateneo de Manila University DISCS T
hesis Class
(/usr/local/texlive/2014/texmf-dist/tex/latex/amsmath/amsmath.sty
Package: amsmath 2013/01/14 v2.14 AMS math features
\@mathmargin=\skip41

For additional information on amsmath, use the `?' option.
(/usr/local/texlive/2014/texmf-dist/tex/latex/amsmath/amstext.sty
Package: amstext 2000/06/29 v2.01

(/usr/local/texlive/2014/texmf-dist/tex/latex/amsmath/amsgen.sty
File: amsgen.sty 1999/11/30 v2.0
\@emptytoks=\toks14
\ex@=\dimen102
))
(/usr/local/texlive/2014/texmf-dist/tex/latex/amsmath/amsbsy.sty
Package: amsbsy 1999/11/29 v1.2d
\pmbraise@=\dimen103
)
(/usr/local/texlive/2014/texmf-dist/tex/latex/amsmath/amsopn.sty
Package: amsopn 1999/12/14 v2.01 operator names
)
\inf@bad=\count79
LaTeX Info: Redefining \frac on input line 210.
\uproot@=\count80
\leftroot@=\count81
LaTeX Info: Redefining \overline on input line 306.
\classnum@=\count82
\DOTSCASE@=\count83
LaTeX Info: Redefining \ldots on input line 378.
LaTeX Info: Redefining \dots on input line 381.
LaTeX Info: Redefining \cdots on input line 466.
\Mathstrutbox@=\box26
\strutbox@=\box27
\big@size=\dimen104
LaTeX Font Info:    Redeclaring font encoding OML on input line 566.
LaTeX Font Info:    Redeclaring font encoding OMS on input line 567.
\macc@depth=\count84
\c@MaxMatrixCols=\count85
\dotsspace@=\muskip10
\c@parentequation=\count86
\dspbrk@lvl=\count87
\tag@help=\toks15
\row@=\count88
\column@=\count89
\maxfields@=\count90
\andhelp@=\toks16
\eqnshift@=\dimen105
\alignsep@=\dimen106
\tagshift@=\dimen107
\tagwidth@=\dimen108
\totwidth@=\dimen109
\lineht@=\dimen110
\@envbody=\toks17
\multlinegap=\skip42
\multlinetaggap=\skip43
\mathdisplay@stack=\toks18
LaTeX Info: Redefining \[ on input line 2665.
LaTeX Info: Redefining \] on input line 2666.
)
(/usr/local/texlive/2014/texmf-dist/tex/latex/psnfss/newcent.sty
Package: newcent 2005/04/12 PSNFSS-v9.2a (SPQR) 
)
(/usr/local/texlive/2014/texmf-dist/tex/latex/graphics/epsfig.sty
Package: epsfig 1999/02/16 v1.7a (e)psfig emulation (SPQR)

(/usr/local/texlive/2014/texmf-dist/tex/latex/graphics/graphicx.sty
Package: graphicx 2014/04/25 v1.0g Enhanced LaTeX Graphics (DPC,SPQR)

(/usr/local/texlive/2014/texmf-dist/tex/latex/graphics/keyval.sty
Package: keyval 2014/05/08 v1.15 key=value parser (DPC)
\KV@toks@=\toks19
)
(/usr/local/texlive/2014/texmf-dist/tex/latex/graphics/graphics.sty
Package: graphics 2009/02/05 v1.0o Standard LaTeX Graphics (DPC,SPQR)

(/usr/local/texlive/2014/texmf-dist/tex/latex/graphics/trig.sty
Package: trig 1999/03/16 v1.09 sin cos tan (DPC)
)
(/usr/local/texlive/2014/texmf-dist/tex/latex/latexconfig/graphics.cfg
File: graphics.cfg 2010/04/23 v1.9 graphics configuration of TeX Live
)
Package graphics Info: Driver file: pdftex.def on input line 91.

(/usr/local/texlive/2014/texmf-dist/tex/latex/pdftex-def/pdftex.def
File: pdftex.def 2011/05/27 v0.06d Graphics/color for pdfTeX

(/usr/local/texlive/2014/texmf-dist/tex/generic/oberdiek/infwarerr.sty
Package: infwarerr 2010/04/08 v1.3 Providing info/warning/error messages (HO)
)
(/usr/local/texlive/2014/texmf-dist/tex/generic/oberdiek/ltxcmds.sty
Package: ltxcmds 2011/11/09 v1.22 LaTeX kernel commands for general use (HO)
)
\Gread@gobject=\count91
))
\Gin@req@height=\dimen111
\Gin@req@width=\dimen112
)
\epsfxsize=\dimen113
\epsfysize=\dimen114
)
(/usr/local/texlive/2014/texmf-dist/tex/latex/amsfonts/amssymb.sty
Package: amssymb 2013/01/14 v3.01 AMS font symbols

(/usr/local/texlive/2014/texmf-dist/tex/latex/amsfonts/amsfonts.sty
Package: amsfonts 2013/01/14 v3.01 Basic AMSFonts support
\symAMSa=\mathgroup4
\symAMSb=\mathgroup5
LaTeX Font Info:    Overwriting math alphabet `\mathfrak' in version `bold'
(Font)                  U/euf/m/n --> U/euf/b/n on input line 106.
))
(/usr/local/texlive/2014/texmf-dist/tex/latex/tools/calc.sty
Package: calc 2007/08/22 v4.3 Infix arithmetic (KKT,FJ)
\calc@Acount=\count92
\calc@Bcount=\count93
\calc@Adimen=\dimen115
\calc@Bdimen=\dimen116
\calc@Askip=\skip44
\calc@Bskip=\skip45
LaTeX Info: Redefining \setlength on input line 75.
LaTeX Info: Redefining \addtolength on input line 76.
\calc@Ccount=\count94
\calc@Cskip=\skip46
)
(/usr/local/texlive/2014/texmf-dist/tex/latex/tools/multicol.sty
Package: multicol 2014/04/23 v1.8e multicolumn formatting (FMi)
\c@tracingmulticols=\count95
\mult@box=\box28
\multicol@leftmargin=\dimen117
\c@unbalance=\count96
\c@collectmore=\count97
\doublecol@number=\count98
\multicoltolerance=\count99
\multicolpretolerance=\count100
\full@width=\dimen118
\page@free=\dimen119
\premulticols=\dimen120
\postmulticols=\dimen121
\multicolsep=\skip47
\multicolbaselineskip=\skip48
\partial@page=\box29
\last@line=\box30
\maxbalancingoverflow=\dimen122
\mult@rightbox=\box31
\mult@grightbox=\box32
\mult@gfirstbox=\box33
\mult@firstbox=\box34
\@tempa=\box35
\@tempa=\box36
\@tempa=\box37
\@tempa=\box38
\@tempa=\box39
\@tempa=\box40
\@tempa=\box41
\@tempa=\box42
\@tempa=\box43
\@tempa=\box44
\@tempa=\box45
\@tempa=\box46
\@tempa=\box47
\@tempa=\box48
\@tempa=\box49
\@tempa=\box50
\@tempa=\box51
\c@columnbadness=\count101
\c@finalcolumnbadness=\count102
\last@try=\dimen123
\multicolovershoot=\dimen124
\multicolundershoot=\dimen125
\mult@nat@firstbox=\box52
\colbreak@box=\box53
\mc@col@check@num=\count103
)
(/usr/local/texlive/2014/texmf-dist/tex/latex/tools/array.sty
Package: array 2008/09/09 v2.4c Tabular extension package (FMi)
\col@sep=\dimen126
\extrarowheight=\dimen127
\NC@list=\toks20
\extratabsurround=\skip49
\backup@length=\skip50
)
(/usr/local/texlive/2014/texmf-dist/tex/latex/tools/tabularx.sty
Package: tabularx 2014/05/13 v2.10 `tabularx' package (DPC)
\TX@col@width=\dimen128
\TX@old@table=\dimen129
\TX@old@col=\dimen130
\TX@target=\dimen131
\TX@delta=\dimen132
\TX@cols=\count104
\TX@ftn=\toks21
)
(/usr/local/texlive/2014/texmf-dist/tex/latex/psnfss/pifont.sty
Package: pifont 2005/04/12 PSNFSS-v9.2a Pi font support (SPQR) 
LaTeX Font Info:    Try loading font information for U+pzd on input line 63.

(/usr/local/texlive/2014/texmf-dist/tex/latex/psnfss/upzd.fd
File: upzd.fd 2001/06/04 font definitions for U/pzd.
)
LaTeX Font Info:    Try loading font information for U+psy on input line 64.

(/usr/local/texlive/2014/texmf-dist/tex/latex/psnfss/upsy.fd
File: upsy.fd 2001/06/04 font definitions for U/psy.
))
(/usr/local/texlive/2014/texmf-dist/tex/latex/tools/enumerate.sty
Package: enumerate 1999/03/05 v3.00 enumerate extensions (DPC)
\@enLab=\toks22
)
(/usr/local/texlive/2014/texmf-dist/tex/latex/base/latexsym.sty
Package: latexsym 1998/08/17 v2.2e Standard LaTeX package (lasy symbols)
\symlasy=\mathgroup6
LaTeX Font Info:    Overwriting symbol font `lasy' in version `bold'
(Font)                  U/lasy/m/n --> U/lasy/b/n on input line 47.
)
(/usr/local/texlive/2014/texmf-dist/tex/latex/base/ifthen.sty
Package: ifthen 2001/05/26 v1.1c Standard LaTeX ifthen package (DPC)
)
(/usr/local/texlive/2014/texmf-dist/tex/latex/base/report.cls
Document Class: report 2007/10/19 v1.4h Standard LaTeX document class
(/usr/local/texlive/2014/texmf-dist/tex/latex/base/size12.clo
File: size12.clo 2007/10/19 v1.4h Standard LaTeX file (size option)
)
\c@part=\count105
\c@chapter=\count106
\c@section=\count107
\c@subsection=\count108
\c@subsubsection=\count109
\c@paragraph=\count110
\c@subparagraph=\count111
\c@figure=\count112
\c@table=\count113
\abovecaptionskip=\skip51
\belowcaptionskip=\skip52
\bibindent=\dimen133
)
*************************************************************
** ADMU DISCS Thesis Class File, version 3.1, 10 Oct 2005
** Originally Written by Felix Pozon Muga II 
** Mathematics Department 
** Ateneo de Manila University 
** fmuga@ateneo.edu
** With modifications by Andrei Coronel, Reena Estuar, 
** JP Vergara and Eric Vidal 
*************************************************************
\bibindent=\dimen134
\hour=\count114
\minute=\count115
\dow=\count116
\leap=\count117
\x=\count118
\y=\count119
\c@tbl=\count120
\c@fig=\count121
) (/usr/local/texlive/2014/texmf-dist/tex/latex/multirow/multirow.sty
\bigstrutjot=\dimen135
)
(/usr/local/texlive/2014/texmf-dist/tex/latex/fancyvrb/fancyvrb.sty
Package: fancyvrb 2008/02/07

Style option: `fancyvrb' v2.7a, with DG/SPQR fixes, and firstline=lastline fix 
<2008/02/07> (tvz)
\FV@CodeLineNo=\count122
\FV@InFile=\read1
\FV@TabBox=\box54
\c@FancyVerbLine=\count123
\FV@StepNumber=\count124
\FV@OutFile=\write3
)
(/usr/local/texlive/2014/texmf-dist/tex/latex/tools/longtable.sty
Package: longtable 2004/02/01 v4.11 Multi-page Table package (DPC)
\LTleft=\skip53
\LTright=\skip54
\LTpre=\skip55
\LTpost=\skip56
\LTchunksize=\count125
\LTcapwidth=\dimen136
\LT@head=\box55
\LT@firsthead=\box56
\LT@foot=\box57
\LT@lastfoot=\box58
\LT@cols=\count126
\LT@rows=\count127
\c@LT@tables=\count128
\c@LT@chunks=\count129
\LT@p@ftn=\toks23
)
(/usr/local/texlive/2014/texmf-dist/tex/latex/oberdiek/pdflscape.sty
Package: pdflscape 2008/08/11 v0.10 Display of landscape pages in PDF (HO)

(/usr/local/texlive/2014/texmf-dist/tex/latex/graphics/lscape.sty
Package: lscape 2000/10/22 v3.01 Landscape Pages (DPC)
)
(/usr/local/texlive/2014/texmf-dist/tex/generic/oberdiek/ifpdf.sty
Package: ifpdf 2011/01/30 v2.3 Provides the ifpdf switch (HO)
Package ifpdf Info: pdfTeX in PDF mode is detected.
)
Package pdflscape Info: Auto-detected driver: pdftex on input line 80.

(/usr/local/texlive/2014/texmf-dist/tex/generic/ifxetex/ifxetex.sty
Package: ifxetex 2010/09/12 v0.6 Provides ifxetex conditional
))
(/usr/local/texlive/2014/texmf-dist/tex/latex/enumitem/enumitem.sty
Package: enumitem 2011/09/28 v3.5.2 Customized lists
\labelindent=\skip57
\enit@outerparindent=\dimen137
\enit@toks=\toks24
\enit@inbox=\box59
\enitdp@description=\count130
)
(/usr/local/texlive/2014/texmf-dist/tex/latex/algorithmicx/algpseudocode.sty
Package: algpseudocode 

(/usr/local/texlive/2014/texmf-dist/tex/latex/algorithmicx/algorithmicx.sty
Package: algorithmicx 2005/04/27 v1.2 Algorithmicx

Document Style algorithmicx 1.2 - a greatly improved `algorithmic' style
\c@ALG@line=\count131
\c@ALG@rem=\count132
\c@ALG@nested=\count133
\ALG@tlm=\skip58
\ALG@thistlm=\skip59
\c@ALG@Lnr=\count134
\c@ALG@blocknr=\count135
\c@ALG@storecount=\count136
\c@ALG@tmpcounter=\count137
\ALG@tmplength=\skip60
)
Document Style - pseudocode environments for use with the `algorithmicx' style
) (/usr/local/texlive/2014/texmf-dist/tex/latex/amscls/amsthm.sty
Package: amsthm 2004/08/06 v2.20
\thm@style=\toks25
\thm@bodyfont=\toks26
\thm@headfont=\toks27
\thm@notefont=\toks28
\thm@headpunct=\toks29
\thm@preskip=\skip61
\thm@postskip=\skip62
\thm@headsep=\skip63
\dth@everypar=\toks30
)
(/usr/local/texlive/2014/texmf-dist/tex/generic/ulem/ulem.sty
\UL@box=\box60
\UL@hyphenbox=\box61
\UL@skip=\skip64
\UL@hook=\toks31
\UL@height=\dimen138
\UL@pe=\count138
\UL@pixel=\dimen139
\ULC@box=\box62
Package: ulem 2012/05/18
\ULdepth=\dimen140
)
\c@thm=\count139
 (./main.aux

LaTeX Warning: Label `fig:search_space' multiply defined.


LaTeX Warning: Label `tbl:ems-gt-bf-speedup' multiply defined.

)
\openout1 = `main.aux'.

LaTeX Font Info:    Checking defaults for OML/cmm/m/it on input line 28.
LaTeX Font Info:    ... okay on input line 28.
LaTeX Font Info:    Checking defaults for T1/cmr/m/n on input line 28.
LaTeX Font Info:    ... okay on input line 28.
LaTeX Font Info:    Checking defaults for OT1/cmr/m/n on input line 28.
LaTeX Font Info:    ... okay on input line 28.
LaTeX Font Info:    Checking defaults for OMS/cmsy/m/n on input line 28.
LaTeX Font Info:    ... okay on input line 28.
LaTeX Font Info:    Checking defaults for OMX/cmex/m/n on input line 28.
LaTeX Font Info:    ... okay on input line 28.
LaTeX Font Info:    Checking defaults for U/cmr/m/n on input line 28.
LaTeX Font Info:    ... okay on input line 28.
LaTeX Font Info:    Try loading font information for OT1+pnc on input line 28.
 (/usr/local/texlive/2014/texmf-dist/tex/latex/psnfss/ot1pnc.fd
File: ot1pnc.fd 2001/06/04 font definitions for OT1/pnc.
)
(/usr/local/texlive/2014/texmf-dist/tex/context/base/supp-pdf.mkii
[Loading MPS to PDF converter (version 2006.09.02).]
\scratchcounter=\count140
\scratchdimen=\dimen141
\scratchbox=\box63
\nofMPsegments=\count141
\nofMParguments=\count142
\everyMPshowfont=\toks32
\MPscratchCnt=\count143
\MPscratchDim=\dimen142
\MPnumerator=\count144
\makeMPintoPDFobject=\count145
\everyMPtoPDFconversion=\toks33
) (/usr/local/texlive/2014/texmf-dist/tex/generic/oberdiek/pdftexcmds.sty
Package: pdftexcmds 2011/11/29 v0.20 Utility functions of pdfTeX for LuaTeX (HO
)

(/usr/local/texlive/2014/texmf-dist/tex/generic/oberdiek/ifluatex.sty
Package: ifluatex 2010/03/01 v1.3 Provides the ifluatex switch (HO)
Package ifluatex Info: LuaTeX not detected.
)
Package pdftexcmds Info: LuaTeX not detected.
Package pdftexcmds Info: \pdf@primitive is available.
Package pdftexcmds Info: \pdf@ifprimitive is available.
Package pdftexcmds Info: \pdfdraftmode found.
)
(/usr/local/texlive/2014/texmf-dist/tex/latex/oberdiek/epstopdf-base.sty
Package: epstopdf-base 2010/02/09 v2.5 Base part for package epstopdf

(/usr/local/texlive/2014/texmf-dist/tex/latex/oberdiek/grfext.sty
Package: grfext 2010/08/19 v1.1 Manage graphics extensions (HO)

(/usr/local/texlive/2014/texmf-dist/tex/generic/oberdiek/kvdefinekeys.sty
Package: kvdefinekeys 2011/04/07 v1.3 Define keys (HO)
))
(/usr/local/texlive/2014/texmf-dist/tex/latex/oberdiek/kvoptions.sty
Package: kvoptions 2011/06/30 v3.11 Key value format for package options (HO)

(/usr/local/texlive/2014/texmf-dist/tex/generic/oberdiek/kvsetkeys.sty
Package: kvsetkeys 2012/04/25 v1.16 Key value parser (HO)

(/usr/local/texlive/2014/texmf-dist/tex/generic/oberdiek/etexcmds.sty
Package: etexcmds 2011/02/16 v1.5 Avoid name clashes with e-TeX commands (HO)
Package etexcmds Info: Could not find \expanded.
(etexcmds)             That can mean that you are not using pdfTeX 1.50 or
(etexcmds)             that some package has redefined \expanded.
(etexcmds)             In the latter case, load this package earlier.
)))
Package grfext Info: Graphics extension search list:
(grfext)             [.png,.pdf,.jpg,.mps,.jpeg,.jbig2,.jb2,.PNG,.PDF,.JPG,.JPE
G,.JBIG2,.JB2,.eps]
(grfext)             \AppendGraphicsExtensions on input line 452.

(/usr/local/texlive/2014/texmf-dist/tex/latex/latexconfig/epstopdf-sys.cfg
File: epstopdf-sys.cfg 2010/07/13 v1.3 Configuration of (r)epstopdf for TeX Liv
e
))
LaTeX Font Info:    Font shape `OT1/pnc/bx/n' in size <12> not available
(Font)              Font shape `OT1/pnc/b/n' tried instead on input line 44.
LaTeX Font Info:    Try loading font information for U+msa on input line 44.

(/usr/local/texlive/2014/texmf-dist/tex/latex/amsfonts/umsa.fd
File: umsa.fd 2013/01/14 v3.01 AMS symbols A
)
LaTeX Font Info:    Try loading font information for U+msb on input line 44.

(/usr/local/texlive/2014/texmf-dist/tex/latex/amsfonts/umsb.fd
File: umsb.fd 2013/01/14 v3.01 AMS symbols B
)
LaTeX Font Info:    Try loading font information for U+lasy on input line 44.

(/usr/local/texlive/2014/texmf-dist/tex/latex/base/ulasy.fd
File: ulasy.fd 1998/08/17 v2.2e LaTeX symbol font definitions
) [1

{/usr/local/texlive/2014/texmf-var/fonts/map/pdftex/updmap/pdftex.map}] [2] [3]

(./contents/abstract.tex
LaTeX Font Info:    Font shape `U/lasy/b/n' in size <8> not available
(Font)              Font shape `U/lasy/m/n' tried instead on input line 4.
LaTeX Font Info:    Font shape `U/lasy/b/n' in size <6> not available
(Font)              Font shape `U/lasy/m/n' tried instead on input line 4.
 [1] [2]) (./main.toc
LaTeX Font Info:    Font shape `OT1/pnc/bx/n' in size <14.4> not available
(Font)              Font shape `OT1/pnc/b/n' tried instead on input line 1.

Overfull \hbox (48.18326pt too wide) in paragraph at lines 32--32
 [][] []\OT1/pnc/m/n/12 Improved Ham-ming dis-tance com-pu-ta-tion by pre-compu
tation 
 []

[1]
Overfull \hbox (3.80905pt too wide) in paragraph at lines 36--36
 [][] []\OT1/pnc/m/n/12 Runtime per-for-mance com-par-i-son of EMS-GT2, EMS-GT 
and 
 []

)
\tf@toc=\write4
\openout4 = `main.toc'.

 [2]
Chapter 1.
(./contents/chapter_01/introduction.tex [1

]) (./contents/chapter_01/context.tex
Underfull \hbox (badness 10000) in paragraph at lines 3--4

 []

LaTeX Font Info:    Try loading font information for OMS+pnc on input line 7.
(/usr/local/texlive/2014/texmf-dist/tex/latex/psnfss/omspnc.fd
File: omspnc.fd 
)
LaTeX Font Info:    Font shape `OMS/pnc/m/n' in size <12> not available
(Font)              Font shape `OMS/cmsy/m/n' tried instead on input line 7.
LaTeX Font Info:    Try loading font information for OT1+pcr on input line 7.

(/usr/local/texlive/2014/texmf-dist/tex/latex/psnfss/ot1pcr.fd
File: ot1pcr.fd 2001/06/04 font definitions for OT1/pcr.
)
Underfull \hbox (badness 10000) in paragraph at lines 9--10

 []

[2]
Underfull \hbox (badness 10000) in paragraph at lines 15--17

 []


Underfull \hbox (badness 10000) in paragraph at lines 22--24

 []


Underfull \hbox (badness 10000) in paragraph at lines 29--30

 []


Underfull \hbox (badness 10000) in paragraph at lines 35--37

 []

[3]) (./contents/chapter_01/objectives.tex [4])
(./contents/chapter_01/research-questions.tex
Overfull \hbox (1.73788pt too wide) in paragraph at lines 8--9
[]\OT1/pnc/m/n/12 Can some Ham-ming dis-tance pre-computation be de-vel-oped to
 fur-ther speedup
 []

[5]) (./contents/chapter_01/significance.tex)
(./contents/chapter_01/scope-limitations.tex

LaTeX Warning: Citation `basepairslength' on page 6 undefined on input line 3.

[6]) [7]
Chapter 2.
(./contents/chapter_02/related-literature.tex [8

] [9] [10] [11]
(./contents/chapter_02/ems-gt.tex
Underfull \hbox (badness 10000) in paragraph at lines 2--3

 []

[12]
Underfull \hbox (badness 10000) in paragraph at lines 8--10

 []

[13]
Underfull \hbox (badness 10000) in paragraph at lines 34--35

 []

[14] (./contents/00_figure/search_space.tex
<contents/00_images/search_space.png, id=87, 1445.4pt x 714.67pt>
File: contents/00_images/search_space.png Graphic file (type png)

<use contents/00_images/search_space.png>
Package pdftex.def Info: contents/00_images/search_space.png used on input line
 3.
(pdftex.def)             Requested size: 361.34999pt x 178.66705pt.
)
Underfull \hbox (badness 10000) in paragraph at lines 45--46

 []

[15 <./contents/00_images/search_space.png>]
Underfull \hbox (badness 10000) in paragraph at lines 54--55

 []

(./contents/00_figure/neighborhood_generation.tex
<contents/00_images/neighborhood-generation.png, id=93, 2613.765pt x 931.48pt>
File: contents/00_images/neighborhood-generation.png Graphic file (type png)

<use contents/00_images/neighborhood-generation.png>
Package pdftex.def Info: contents/00_images/neighborhood-generation.png used on
 input line 3.
(pdftex.def)             Requested size: 361.34999pt x 128.77179pt.


LaTeX Warning: `h' float specifier changed to `ht'.

) [16] (./contents/00_figure/bit-patterns.tex
<contents/00_images/0-1.png, id=98, 244.7544pt x 130.086pt>
File: contents/00_images/0-1.png Graphic file (type png)

<use contents/00_images/0-1.png>
Package pdftex.def Info: contents/00_images/0-1.png used on input line 3.
(pdftex.def)             Requested size: 180.67499pt x 96.0279pt.

<contents/00_images/2-3.png, id=99, 245.2362pt x 130.086pt>
File: contents/00_images/2-3.png Graphic file (type png)

<use contents/00_images/2-3.png>
Package pdftex.def Info: contents/00_images/2-3.png used on input line 4.
(pdftex.def)             Requested size: 180.67499pt x 95.83932pt.

<contents/00_images/4-5.png, id=100, 245.2362pt x 130.086pt>
File: contents/00_images/4-5.png Graphic file (type png)

<use contents/00_images/4-5.png>
Package pdftex.def Info: contents/00_images/4-5.png used on input line 5.
(pdftex.def)             Requested size: 180.67499pt x 95.83932pt.


LaTeX Warning: `h' float specifier changed to `ht'.

) [17 <./contents/00_images/neighborhood-generation.png>] [18 <./contents/00_im
ages/0-1.png> <./contents/00_images/2-3.png> <./contents/00_images/4-5.png>]
(./contents/00_pseudocodes/block-pattern-generation.tex
LaTeX Font Info:    Font shape `OT1/pnc/bx/n' in size <10.95> not available
(Font)              Font shape `OT1/pnc/b/n' tried instead on input line 7.
)
Overfull \hbox (12.61647pt too wide) in paragraph at lines 88--89
[]\OT1/pnc/m/n/12 EMS-GT with this speedup tech-nique has proven its com-pet-i-
tive-ness against
 []

[19] (./contents/00_figure/sia-bar-results.tex
<contents/00_images/emsgt-with-speedup-vs-PMS,qPMS9.png, id=115, 321.8424pt x 2
90.5254pt>
File: contents/00_images/emsgt-with-speedup-vs-PMS,qPMS9.png Graphic file (type
 png)
 <use contents/00_images/emsgt-with-speedup-vs-PMS,qPMS9.png>
Package pdftex.def Info: contents/00_images/emsgt-with-speedup-vs-PMS,qPMS9.png
 used on input line 4.
(pdftex.def)             Requested size: 289.07999pt x 260.97394pt.
)))
[20 <./contents/00_images/emsgt-with-speedup-vs-PMS,qPMS9.png>]
Chapter 3.
(./contents/chapter_03/methodology.tex (./contents/00_figure/method.tex
<contents/00_images/methodology.png, id=120, 918.43124pt x 413.545pt>
File: contents/00_images/methodology.png Graphic file (type png)

<use contents/00_images/methodology.png>
Package pdftex.def Info: contents/00_images/methodology.png used on input line 
3.
(pdftex.def)             Requested size: 397.48499pt x 178.97563pt.
) [21

 <./contents/00_images/methodology.png>] [22] [23] (./contents/00_tables/nprime
-speedup.tex)
(./contents/00_tables/nprime-prime-start-value.tex

LaTeX Warning: `h' float specifier changed to `ht'.

) [24] [25] [26]) [27]
Chapter 4.
(./contents/chapter_04/results.tex
Overfull \hbox (4.20201pt too wide) in paragraph at lines 1--2
\OT1/pnc/m/n/12 This sec-tion de-scribes the speedup tech-niques in-tro-duced i
n this study and briefly
 []


Overfull \hbox (1.92609pt too wide) in paragraph at lines 1--2
\OT1/pnc/m/n/12 Lastly, eval-u-a-tion of run-time per-for-mance of the EMS-GT2,
 EMS-GT and qPMS9
 []

(./contents/chapter_04/block-flags.tex
Overfull \hbox (34.4224pt too wide) in paragraph at lines 5--6
\OT1/pnc/m/n/12 quickly fil-ters the $\OT1/cmr/m/n/12 4[]$ \OT1/pnc/m/n/12 bit-
array in the Gen-er-ate phase by in-ter-sect-ing the $\OML/cmm/m/it/12 d$\OT1/p
nc/m/n/12 -neighborhood
 []

[28

] [29] (./contents/00_figure/boolean-flags.tex
<contents/00_images/boolean-flags.png, id=150, 1180.41pt x 1164.35pt>
File: contents/00_images/boolean-flags.png Graphic file (type png)

<use contents/00_images/boolean-flags.png>
Package pdftex.def Info: contents/00_images/boolean-flags.png used on input lin
e 3.
(pdftex.def)             Requested size: 252.94499pt x 249.49535pt.
) [30 <./contents/00_images/boolean-flags.png>] (./contents/00_figure/boolean-b
lock-skip.tex
<contents/00_images/block-skip.png, id=156, 822.07124pt x 639.38875pt>
File: contents/00_images/block-skip.png Graphic file (type png)

<use contents/00_images/block-skip.png>
Package pdftex.def Info: contents/00_images/block-skip.png used on input line 3
.
(pdftex.def)             Requested size: 252.94499pt x 196.73526pt.
))
(./contents/chapter_04/fast-candidate-elimination.tex [31 <./contents/00_images
/block-skip.png>] (./contents/00_figure/search_space.tex
File: contents/00_images/search_space.png Graphic file (type png)

<use contents/00_images/search_space.png>
Package pdftex.def Info: contents/00_images/search_space.png used on input line
 3.
(pdftex.def)             Requested size: 361.34999pt x 178.66705pt.


LaTeX Warning: `h' float specifier changed to `ht'.

)
Overfull \hbox (4.67014pt too wide) in paragraph at lines 13--14
\OT1/pnc/m/n/12 We pro-posed a speedup tech-nique that pro-cesses these can-di-
date mo-tifs by blocks.
 []

[32] (./contents/00_figure/block_search_space.tex
<contents/00_images/block_search_space.png, id=164, 867.24pt x 1300.86pt>
File: contents/00_images/block_search_space.png Graphic file (type png)

<use contents/00_images/block_search_space.png>
Package pdftex.def Info: contents/00_images/block_search_space.png used on inpu
t line 3.
(pdftex.def)             Requested size: 216.81pt x 325.2142pt.


LaTeX Warning: `h' float specifier changed to `ht'.

) [33]
Overfull \hbox (2.47363pt too wide) in paragraph at lines 25--26
[]\OT1/pnc/m/n/12 Using proof by con-tra-dic-tion, we first sup-pose that $\OML
/cmm/m/it/12 d[]\OT1/cmr/m/n/12 (\OML/cmm/m/it/12 y; z\OT1/cmr/m/n/12 ) \OMS/cm
sy/m/n/12 ^^T
 []

(./contents/00_figure/theorem-proof.tex
<contents/00_images/theorem-proof.png, id=168, 879.285pt x 725.71124pt>
File: contents/00_images/theorem-proof.png Graphic file (type png)

<use contents/00_images/theorem-proof.png>
Package pdftex.def Info: contents/00_images/theorem-proof.png used on input lin
e 3.
(pdftex.def)             Requested size: 289.07999pt x 238.5885pt.


LaTeX Warning: `h' float specifier changed to `ht'.

) [34 <./contents/00_images/block_search_space.png>])
(./contents/chapter_04/pre-computation-hd.tex [35 <./contents/00_images/theorem
-proof.png>] (./contents/00_figure/pre-computed-hd.tex
<contents/00_images/pre-computed-hd-values.png, id=177, 1180.41pt x 786.94pt>
File: contents/00_images/pre-computed-hd-values.png Graphic file (type png)

<use contents/00_images/pre-computed-hd-values.png>
Package pdftex.def Info: contents/00_images/pre-computed-hd-values.png used on 
input line 3.
(pdftex.def)             Requested size: 289.07999pt x 192.71193pt.
) [36 <./contents/00_images/pre-computed-hd-values.png>]
(./contents/00_pseudocodes/improved-xor-computation.tex)
(./contents/00_figure/usage-improved-hd.tex
<contents/00_images/usage-improved-hd.png, id=183, 1565.85pt x 1421.31pt>
File: contents/00_images/usage-improved-hd.png Graphic file (type png)

<use contents/00_images/usage-improved-hd.png>
Package pdftex.def Info: contents/00_images/usage-improved-hd.png used on input
 line 3.
(pdftex.def)             Requested size: 289.07999pt x 262.39604pt.


LaTeX Warning: `h' float specifier changed to `ht'.

)) (./contents/chapter_04/evaluation.tex [37] [38 <./contents/00_images/usage-i
mproved-hd.png>] (./contents/00_tables/ems-gt-boolean-flags-speedup.tex)
Overfull \hbox (14.85872pt too wide) in paragraph at lines 18--19
\OT1/pnc/m/n/12 ing the block boolean flags tech-nique, the run-time in gen-er-
at-ing the $\OML/cmm/m/it/12 d$\OT1/pnc/m/n/12 -neighborhood
 []

[39] (./contents/00_figure/bf-per-sequence-runtime.tex
<contents/00_images/bf-sequence-runtime.png, id=194, 620.5584pt x 311.2428pt>
File: contents/00_images/bf-sequence-runtime.png Graphic file (type png)

<use contents/00_images/bf-sequence-runtime.png>
Package pdftex.def Info: contents/00_images/bf-sequence-runtime.png used on inp
ut line 3.
(pdftex.def)             Requested size: 325.215pt x 163.1152pt.
)

LaTeX Warning: Reference `tbl:ems-gt-bf-hd-speedup' on page 40 undefined on inp
ut line 22.

(./contents/00_tables/ems-gt-bf-hd-speedup.tex) [40 <./contents/00_images/bf-se
quence-runtime.png>] (./contents/00_tables/ems-gt-fce-speedup.tex) [41]
(./contents/00_tables/ems-gt-fce-hd-speedup.tex)
(./contents/00_tables/ems-gt-all-speedup.tex

LaTeX Warning: `h' float specifier changed to `ht'.

)
Overfull \hbox (6.40585pt too wide) in paragraph at lines 44--44
[]\OT1/pnc/b/n/12 Runtime per-for-mance com-par-i-son of EMS-GT2, EMS-GT and qP
MS9 
 []

[42] (./contents/00_tables/final-results-ems.tex)
(./contents/00_tables/final-results.tex

LaTeX Warning: `h' float specifier changed to `ht'.

) [43])) [44]
Chapter 5.
(./contents/chapter_05/conclusions.tex [45

] [46]) (./main.bbl [47]
Missing character: There is no Ã in font pncr7t!
Missing character: There is no © in font pncr7t!
Missing character: There is no â in font pncri7t!
Missing character: There is no € in font pncri7t!
Missing character: There is no ™ in font pncri7t!
 [48

]
Underfull \hbox (badness 1478) in paragraph at lines 43--47
\OT1/pnc/m/it/12 Time Ef-fi-cient Al-go-rithms for Planted Mo-tif Search\OT1/pn
c/m/n/12 , pages 822--829.
 []

Missing character: There is no â in font pncr7t!
Missing character: There is no „ in font pncr7t!
Missing character: There is no “ in font pncr7t!
Missing character: There is no â in font pncr7t!
Missing character: There is no „ in font pncr7t!
Missing character: There is no “ in font pncr7t!
[49] [50] [51]) [52] (./main.aux)

LaTeX Warning: There were undefined references.


LaTeX Warning: There were multiply-defined labels.

 ) 
Here is how much of TeX's memory you used:
 4759 strings out of 493117
 70496 string characters out of 6135433
 137085 words of memory out of 5000000
 7938 multiletter control sequences out of 15000+600000
 28251 words of font info for 80 fonts, out of 8000000 for 9000
 1141 hyphenation exceptions out of 8191
 41i,14n,28p,1696b,376s stack positions out of 5000i,500n,10000p,200000b,80000s
{/usr/local/texlive/2014/texmf-dist/fonts/enc/dvips/base/8r.enc}</usr/local/t
exlive/2014/texmf-dist/fonts/type1/public/amsfonts/cm/cmbsy10.pfb></usr/local/t
exlive/2014/texmf-dist/fonts/type1/public/amsfonts/cmextra/cmbsy8.pfb></usr/loc
al/texlive/2014/texmf-dist/fonts/type1/public/amsfonts/cm/cmbx12.pfb></usr/loca
l/texlive/2014/texmf-dist/fonts/type1/public/amsfonts/cm/cmex10.pfb></usr/local
/texlive/2014/texmf-dist/fonts/type1/public/amsfonts/cm/cmmi10.pfb></usr/local/
texlive/2014/texmf-dist/fonts/type1/public/amsfonts/cm/cmmi12.pfb></usr/local/t
exlive/2014/texmf-dist/fonts/type1/public/amsfonts/cm/cmmi8.pfb></usr/local/tex
live/2014/texmf-dist/fonts/type1/public/amsfonts/cm/cmmib10.pfb></usr/local/tex
live/2014/texmf-dist/fonts/type1/public/amsfonts/cmextra/cmmib8.pfb></usr/local
/texlive/2014/texmf-dist/fonts/type1/public/amsfonts/cm/cmr10.pfb></usr/local/t
exlive/2014/texmf-dist/fonts/type1/public/amsfonts/cm/cmr12.pfb></usr/local/tex
live/2014/texmf-dist/fonts/type1/public/amsfonts/cm/cmr8.pfb></usr/local/texliv
e/2014/texmf-dist/fonts/type1/public/amsfonts/cm/cmsy10.pfb></usr/local/texlive
/2014/texmf-dist/fonts/type1/public/amsfonts/cm/cmsy6.pfb></usr/local/texlive/2
014/texmf-dist/fonts/type1/public/amsfonts/cm/cmsy8.pfb></usr/local/texlive/201
4/texmf-dist/fonts/type1/urw/courier/ucrr8a.pfb></usr/local/texlive/2014/texmf-
dist/fonts/type1/urw/ncntrsbk/uncb8a.pfb></usr/local/texlive/2014/texmf-dist/fo
nts/type1/urw/ncntrsbk/uncr8a.pfb></usr/local/texlive/2014/texmf-dist/fonts/typ
e1/urw/ncntrsbk/uncri8a.pfb>
Output written on main.pdf (59 pages, 941834 bytes).
PDF statistics:
 301 PDF objects out of 1000 (max. 8388607)
 191 compressed objects within 2 object streams
 0 named destinations out of 1000 (max. 500000)
 71 words of extra memory for PDF output out of 10000 (max. 10000000)

